  UnitTest1.cpp
     Creating library C:\Users\Bao\source\repos\Assignment2DSA\x64\Debug\UnitTest1.lib and object C:\Users\Bao\source\repos\Assignment2DSA\x64\Debug\UnitTest1.exp
UnitTest1.obj : error LNK2019: unresolved external symbol "public: void __cdecl UnitTest1::ParentsTree::insertNodeTest(void)" (?insertNodeTest@ParentsTree@UnitTest1@@QEAAXXZ) referenced in function "public: static struct Microsoft::VisualStudio::CppUnitTestFramework::MemberMethodInfo const * __cdecl UnitTest1::ParentsTree::__GetTestMethodInfo_insertNodeTest(void)" (?__GetTestMethodInfo_insertNodeTest@ParentsTree@UnitTest1@@SAPEBUMemberMethodInfo@CppUnitTestFramework@VisualStudio@Microsoft@@XZ)
UnitTest1.obj : error LNK2019: unresolved external symbol "public: void __cdecl UnitTest1::ParentsTree::deleteNodeTest(void)" (?deleteNodeTest@ParentsTree@UnitTest1@@QEAAXXZ) referenced in function "public: static struct Microsoft::VisualStudio::CppUnitTestFramework::MemberMethodInfo const * __cdecl UnitTest1::ParentsTree::__GetTestMethodInfo_deleteNodeTest(void)" (?__GetTestMethodInfo_deleteNodeTest@ParentsTree@UnitTest1@@SAPEBUMemberMethodInfo@CppUnitTestFramework@VisualStudio@Microsoft@@XZ)
UnitTest1.obj : error LNK2019: unresolved external symbol "public: void __cdecl UnitTest1::ParentsTree::sizePTree(void)" (?sizePTree@ParentsTree@UnitTest1@@QEAAXXZ) referenced in function "public: static struct Microsoft::VisualStudio::CppUnitTestFramework::MemberMethodInfo const * __cdecl UnitTest1::ParentsTree::__GetTestMethodInfo_sizePTree(void)" (?__GetTestMethodInfo_sizePTree@ParentsTree@UnitTest1@@SAPEBUMemberMethodInfo@CppUnitTestFramework@VisualStudio@Microsoft@@XZ)
UnitTest1.obj : error LNK2019: unresolved external symbol "public: void __cdecl UnitTest1::ParentsTree::toStringTest(void)" (?toStringTest@ParentsTree@UnitTest1@@QEAAXXZ) referenced in function "public: static struct Microsoft::VisualStudio::CppUnitTestFramework::MemberMethodInfo const * __cdecl UnitTest1::ParentsTree::__GetTestMethodInfo_toStringTest(void)" (?__GetTestMethodInfo_toStringTest@ParentsTree@UnitTest1@@SAPEBUMemberMethodInfo@CppUnitTestFramework@VisualStudio@Microsoft@@XZ)
C:\Users\Bao\source\repos\Assignment2DSA\x64\Debug\UnitTest1.dll : fatal error LNK1120: 4 unresolved externals
